UG to STEP
! INFO-     NX STEP AP214 - V11.0
! INFO-      
! INFO-     Start of Translation: 9-JUL-2020  4:00:26 PM
! INFO-      
! STATUS-   Converting Part: @DB/F10129574/-
! SUMMARY-   
! SUMMARY-  Summary of Unigraphics Part Entities
! SUMMARY-  For Part: @DB/F10129574/- 
! SUMMARY-  Entities Processed             Count
! SUMMARY-  ------------------             -----
! SUMMARY-  Part Attribute ..............:     1
! SUMMARY-  Font ........................:     1
! SUMMARY-  Color Table .................:     2
! SUMMARY-  Coordinate System ...........:     2
! SUMMARY-  Parameter ...................:     1
! SUMMARY-  Matrix ......................:     1
! SUMMARY-  Solid .......................:
! SUMMARY-     Body .....................:     1
! SUMMARY-                                 -----
! SUMMARY-  Total                              9
! STATUS-    
! STATUS-   Converting to Output Form (Phase 2 of 3): 9-JUL-2020 4:00:31 PM
! STATUS-    
! STATUS-    
! STATUS-   Generating UG geometry and placing them in parts
! STATUS-    
! SUMMARY-   
! SUMMARY-    STEP Header Information
! SUMMARY-   
! SUMMARY-  Description      Unknown
! SUMMARY-  Imp_Level        1
! SUMMARY-  File_Name        F10129574--_1-FIXTURE_ CMS2 ETL_ AL-N BASEPLATE HOLDING TOP FIXTURE2.stp
! SUMMARY-  Date             2020-07-09T16:00:31-05:00
! SUMMARY-  Author           Unknown
! SUMMARY-  Organization     Unknown
! SUMMARY-  Pre_Version      ST-DEVELOPER v16
! SUMMARY-  Orig_System      SIEMENS PLM Software NX 11.0
! SUMMARY-  Authorization    Unknown
! SUMMARY-   
! SUMMARY-    Summary of STEP Entities
! SUMMARY-   
! SUMMARY-  Entity Type                                                   Count
! SUMMARY-  -----------                                                   ------
! SUMMARY-  advanced_face ..............................................:    102
! SUMMARY-  application_context ........................................:      1
! SUMMARY-  axis2_placement_3d .........................................:    179
! SUMMARY-  cartesian_point ............................................:    555
! SUMMARY-  circle .....................................................:     76
! SUMMARY-  closed_shell ...............................................:      1
! SUMMARY-  conversion_based_unit_and_plane_angle_unit .................:      1
! SUMMARY-  cylindrical_surface ........................................:     36
! SUMMARY-  dimensional_exponents ......................................:      1
! SUMMARY-  direction ..................................................:    554
! SUMMARY-  edge_curve .................................................:    272
! SUMMARY-  edge_loop ..................................................:    118
! SUMMARY-  face_bound .................................................:     26
! SUMMARY-  face_outer_bound ...........................................:     92
! SUMMARY-  geometric_representation_context_and_global_uncertainty_a ..:      1
! SUMMARY-  length_unit_and_si_unit ....................................:      1
! SUMMARY-  line .......................................................:    196
! SUMMARY-  manifold_solid_brep ........................................:      1
! SUMMARY-  oriented_edge ..............................................:    544
! SUMMARY-  plane ......................................................:     66
! SUMMARY-  plane_angle_measure_with_unit ..............................:      1
! SUMMARY-  plane_angle_unit_and_si_unit ...............................:      1
! SUMMARY-  product ....................................................:      1
! SUMMARY-  product_context ............................................:      1
! SUMMARY-  product_definition .........................................:      1
! SUMMARY-  product_definition_context .................................:      1
! SUMMARY-  product_definition_formation_with_specified_source .........:      1
! SUMMARY-  product_definition_shape ...................................:      1
! SUMMARY-  product_related_product_category ...........................:      1
! SUMMARY-  si_unit_and_solid_angle_unit ...............................:      1
! SUMMARY-  uncertainty_measure_with_unit ..............................:      1
! SUMMARY-  vector .....................................................:    196
! SUMMARY-  vertex_point ...............................................:    180
! SUMMARY-                                                               -------
! SUMMARY-  Total                                                           3210
! INFO-      
! INFO-     User interface/default file
! INFO-     Bspline aprx. value in effect for this translation : 2.540000e-002 mm
! INFO-      
! INFO-     Total number of solids input for this translation  :       1
! INFO-      
! INFO-     Number of solids processed without problems        :       1
! INFO-      
! INFO-     Number of solids with problems output as sheets    :       0
! INFO-      
! INFO-     Number of solids not processed                     :       0
! INFO-      
! INFO-     End of Translation: 9-JUL-2020  4:00:31 PM
! INFO-      
