UG to STEP
! INFO-     NX STEP AP214 - V11.0
! INFO-      
! INFO-     Start of Translation: 9-NOV-2020  3:30:19 PM
! INFO-      
! STATUS-   Converting Part: %UGMGR=V3.2 PH=F8a5wGWb6MVi_C PRH=VAQ5wGWb6MVi_C PN=F10132545 PRN=- RT="has shape" AT="UG master part file"
! SUMMARY-   
! SUMMARY-  Summary of Unigraphics Part Entities
! SUMMARY-  For Part: %UGMGR=V3.2 PH=F8a5wGWb6MVi_C PRH=VAQ5wGWb6MVi_C PN=F10132545 PRN=- RT="has shape" AT="UG master part file" 
! SUMMARY-  Entities Processed             Count
! SUMMARY-  ------------------             -----
! SUMMARY-  Part Attribute ..............:     1
! SUMMARY-  Font ........................:     1
! SUMMARY-  Color Table .................:     2
! SUMMARY-  Coordinate System ...........:     1
! SUMMARY-  Parameter ...................:     1
! SUMMARY-  Matrix ......................:     1
! SUMMARY-  Component ...................:     9
! SUMMARY-                                 -----
! SUMMARY-  Total                             16
! SUMMARY-   
! SUMMARY-  Summary of Unigraphics Part Entities
! SUMMARY-  For Part: %UGMGR=V3.2 PH=FoU5wGWb6MVi_C PRH=Foa5wGWb6MVi_C PN=F10132544 PRN=- RT="has shape" AT="UG master part file"  
! SUMMARY-  Entities Processed             Count
! SUMMARY-  ------------------             -----
! SUMMARY-  Part Attribute ..............:     1
! SUMMARY-  Font ........................:     1
! SUMMARY-  Color Table .................:     2
! SUMMARY-  Coordinate System ...........:     2
! SUMMARY-  Parameter ...................:     1
! SUMMARY-  Matrix ......................:     1
! SUMMARY-  Reference Set ...............:     1
! SUMMARY-  Solid .......................:
! SUMMARY-     Body .....................:     1
! SUMMARY-                                 -----
! SUMMARY-  Total                             10
! SUMMARY-   
! SUMMARY-  Summary of Unigraphics Part Entities
! SUMMARY-  For Part: %UGMGR=V3.2 PH=DAfJZrkE6MVi_C PRH=DEQJZrkE6MVi_C PN=FC0043485 PRN=- RT="has shape" AT="UG master part file"  
! SUMMARY-  Entities Processed             Count
! SUMMARY-  ------------------             -----
! SUMMARY-  Part Attribute ..............:     1
! SUMMARY-  Font ........................:     1
! SUMMARY-  Color Table .................:     2
! SUMMARY-  Coordinate System ...........:     2
! SUMMARY-  Parameter ...................:     1
! SUMMARY-  Matrix ......................:     1
! SUMMARY-  Reference Set ...............:     1
! SUMMARY-  Solid .......................:
! SUMMARY-     Body .....................:     1
! SUMMARY-                                 -----
! SUMMARY-  Total                             10
! SUMMARY-   
! SUMMARY-  Summary of Unigraphics Part Entities
! SUMMARY-  For Part: %UGMGR=V3.2 PH=FCY1cNSf6MVi_C PRH=FCe1cNSf6MVi_C PN=F10129576 PRN=- RT="has shape" AT="UG master part file"  
! SUMMARY-  Entities Processed             Count
! SUMMARY-  ------------------             -----
! SUMMARY-  Part Attribute ..............:     1
! SUMMARY-  Font ........................:     1
! SUMMARY-  Color Table .................:     2
! SUMMARY-  Coordinate System ...........:     2
! SUMMARY-  Parameter ...................:     1
! SUMMARY-  Matrix ......................:     1
! SUMMARY-  Reference Set ...............:     1
! SUMMARY-  Solid .......................:
! SUMMARY-     Body .....................:     1
! SUMMARY-                                 -----
! SUMMARY-  Total                             10
! SUMMARY-   
! SUMMARY-  Summary of Unigraphics Part Entities
! SUMMARY-  For Part: %UGMGR=V3.2 PH=THXtVkpP6MVi_C PRH=TLQtVkpP6MVi_C PN=FC0067267 PRN=- RT="has shape" AT="UG master part file"  
! SUMMARY-  Entities Processed             Count
! SUMMARY-  ------------------             -----
! SUMMARY-  Part Attribute ..............:     1
! SUMMARY-  Font ........................:     1
! SUMMARY-  Color Table .................:     2
! SUMMARY-  Coordinate System ...........:     2
! SUMMARY-  Parameter ...................:     1
! SUMMARY-  Matrix ......................:     1
! SUMMARY-  Reference Set ...............:     1
! SUMMARY-  Solid .......................:
! SUMMARY-     Body .....................:     1
! SUMMARY-                                 -----
! SUMMARY-  Total                             10
! STATUS-    
! STATUS-   Converting to Output Form (Phase 2 of 3): 9-NOV-2020 3:30:21 PM
! STATUS-    
! STATUS-    
! STATUS-   Generating UG geometry and placing them in parts
! STATUS-    
! SUMMARY-   
! SUMMARY-    STEP Header Information
! SUMMARY-   
! SUMMARY-  Description      Unknown
! SUMMARY-  Imp_Level        1
! SUMMARY-  File_Name        F10132545--_1-ASSY_ CMS2 ETL_ GLUE RESERVOIR ASSY.stp
! SUMMARY-  Date             2020-11-09T15:30:21-06:00
! SUMMARY-  Author           Unknown
! SUMMARY-  Organization     Unknown
! SUMMARY-  Pre_Version      ST-DEVELOPER v16
! SUMMARY-  Orig_System      SIEMENS PLM Software NX 11.0
! SUMMARY-  Authorization    Unknown
! SUMMARY-   
! SUMMARY-    Summary of STEP Entities
! SUMMARY-   
! SUMMARY-  Entity Type                                                   Count
! SUMMARY-  -----------                                                   ------
! SUMMARY-  advanced_face ..............................................:    445
! SUMMARY-  application_context ........................................:      1
! SUMMARY-  axis2_placement_3d .........................................:    833
! SUMMARY-  b_spline_curve_with_knots ..................................:     14
! SUMMARY-  b_spline_curve_with_knots_and_rational_b_spline_curve ......:    129
! SUMMARY-  b_spline_surface_with_knots_and_rational_b_spline_surface ..:      3
! SUMMARY-  cartesian_point ............................................:   6954
! SUMMARY-  circle .....................................................:    381
! SUMMARY-  closed_shell ...............................................:      4
! SUMMARY-  conical_surface ............................................:     16
! SUMMARY-  context_dependent_shape_representation .....................:      9
! SUMMARY-  conversion_based_unit_and_plane_angle_unit .................:      1
! SUMMARY-  cylindrical_surface ........................................:    241
! SUMMARY-  dimensional_exponents ......................................:      1
! SUMMARY-  direction ..................................................:   2391
! SUMMARY-  edge_curve .................................................:   1249
! SUMMARY-  edge_loop ..................................................:    508
! SUMMARY-  face_bound .................................................:     97
! SUMMARY-  face_outer_bound ...........................................:    411
! SUMMARY-  geometric_representation_context_and_global_uncertainty_a ..:      5
! SUMMARY-  item_defined_transformation ................................:      9
! SUMMARY-  length_unit_and_si_unit ....................................:      1
! SUMMARY-  line .......................................................:    725
! SUMMARY-  manifold_solid_brep ........................................:      4
! SUMMARY-  next_assembly_usage_occurrence .............................:      9
! SUMMARY-  oriented_edge ..............................................:   2498
! SUMMARY-  plane ......................................................:    183
! SUMMARY-  plane_angle_measure_with_unit ..............................:      1
! SUMMARY-  plane_angle_unit_and_si_unit ...............................:      1
! SUMMARY-  product ....................................................:      5
! SUMMARY-  product_context ............................................:      5
! SUMMARY-  product_definition .........................................:      5
! SUMMARY-  product_definition_context .................................:      5
! SUMMARY-  product_definition_formation_with_specified_source .........:      5
! SUMMARY-  product_definition_shape ...................................:     14
! SUMMARY-  product_related_product_category ...........................:      5
! SUMMARY-  representation_relationship_with_transformation_and_shape ..:      9
! SUMMARY-  shape_representation .......................................:      5
! SUMMARY-  si_unit_and_solid_angle_unit ...............................:      1
! SUMMARY-  toroidal_surface ...........................................:      2
! SUMMARY-  uncertainty_measure_with_unit ..............................:      5
! SUMMARY-  vector .....................................................:    725
! SUMMARY-  vertex_point ...............................................:    845
! SUMMARY-                                                               -------
! SUMMARY-  Total                                                          18760
! INFO-      
! INFO-     User interface/default file
! INFO-     Bspline aprx. value in effect for this translation : 2.540000e-002 mm
! INFO-      
! INFO-     Total number of solids input for this translation  :       4
! INFO-      
! INFO-     Number of solids processed without problems        :       4
! INFO-      
! INFO-     Number of solids with problems output as sheets    :       0
! INFO-      
! INFO-     Number of solids not processed                     :       0
! INFO-      
! INFO-     End of Translation: 9-NOV-2020  3:30:21 PM
! INFO-      
